<?xml version="1.0" encoding="UTF-8"?>
<robot generator="Robot 7.4.1 (Python 3.14.2 on win32)" generated="2026-02-04T08:53:37.625782" rpa="false" schemaversion="5">
<suite id="s1" name="Tests" source="D:\Python_Automation_Assignment\tests">
<suite id="s1-s1" name="Data Driven Tests" source="D:\Python_Automation_Assignment\tests\data_driven_tests.robot">
<test id="s1-s1-t1" name="Create User And Verify - Positive" line="5">
<kw name="Create User And Verify">
<kw name="Create API Session" owner="api_keywords">
<kw name="Create Session" owner="RequestsLibrary">
<msg time="2026-02-04T08:53:37.950156" level="INFO">Creating Session using : alias=jsonapi, url=https://jsonplaceholder.typicode.com, headers=,                     cookies={}, auth=None, timeout=None, proxies=None, verify=True,                     debug=0 </msg>
<arg>jsonapi</arg>
<arg>${BASE_URL}</arg>
<arg>headers=${EMPTY}</arg>
<arg>verify=True</arg>
<doc>Create Session: create a HTTP session to a server</doc>
<status status="PASS" start="2026-02-04T08:53:37.948491" elapsed="0.002145"/>
</kw>
<doc>Create a session to the JSONPlaceholder API.</doc>
<status status="PASS" start="2026-02-04T08:53:37.938709" elapsed="0.012263"/>
</kw>
<kw name="Create New Post" owner="api_keywords">
<kw name="Create Dictionary" owner="BuiltIn">
<msg time="2026-02-04T08:53:37.953887" level="INFO">${payload} = {'userId': '1', 'title': 'Title 1', 'body': 'This is the body for user 1.'}</msg>
<var>${payload}</var>
<arg>userId=${user_id}</arg>
<arg>title=${title}</arg>
<arg>body=${body}</arg>
<doc>Creates and returns a dictionary based on the given ``items``.</doc>
<status status="PASS" start="2026-02-04T08:53:37.952360" elapsed="0.001610"/>
</kw>
<kw name="POST On Session" owner="RequestsLibrary">
<msg time="2026-02-04T08:54:00.632081" level="INFO">POST Request : url=https://jsonplaceholder.typicode.com/posts 
 path_url=/posts 
 headers={'User-Agent': 'python-requests/2.32.5', 'Accept-Encoding': 'gzip, deflate, zstd', 'Accept': '*/*', 'Connection': 'keep-alive', 'Content-Length': '75', 'Content-Type': 'application/json'} 
 body=b'{"userId": "1", "title": "Title 1", "body": "This is the body for user 1."}' 
 </msg>
<msg time="2026-02-04T08:54:00.632724" level="INFO">POST Response : url=https://jsonplaceholder.typicode.com/posts 
 status=201, reason=Created 
 headers={'Date': 'Wed, 04 Feb 2026 03:24:00 GMT', 'Content-Type': 'application/json; charset=utf-8', 'Content-Length': '96', 'Connection': 'keep-alive', 'access-control-allow-credentials': 'true', 'access-control-expose-headers': 'Location', 'Cache-Control': 'no-cache', 'etag': 'W/"60-xhr+tL7hSLyi73JgzU/58bKzj4k"', 'expires': '-1', 'location': 'https://jsonplaceholder.typicode.com/posts/101', 'nel': '{"report_to":"heroku-nel","response_headers":["Via"],"max_age":3600,"success_fraction":0.01,"failure_fraction":0.1}', 'pragma': 'no-cache', 'report-to': '{"group":"heroku-nel","endpoints":[{"url":"https://nel.heroku.com/reports?s=Tkpde7i2Yxh8ofnQAWwDNKCRq1CC4w4UsSp6TsZ0zUM%3D\\u0026sid=e11707d5-02a7-43ef-b45e-2cf4d2036f7d\\u0026ts=1770175440"}],"max_age":3600}', 'reporting-endpoints': 'heroku-nel="https://nel.heroku.com/reports?s=Tkpde7i2Yxh8ofnQAWwDNKCRq1CC4w4UsSp6TsZ0zUM%3D&amp;sid=e11707d5-02a7-43ef-b45e-2cf4d2036f7d&amp;ts=1770175440"', 'Server': 'cloudflare', 'vary': 'Origin, X-HTTP-Method-Override, Accept-Encoding', 'via': '2.0 heroku-router', 'x-content-type-options': 'nosniff', 'x-powered-by': 'Express', 'x-ratelimit-limit': '1000', 'x-ratelimit-remaining': '999', 'x-ratelimit-reset': '1770175459', 'cf-cache-status': 'DYNAMIC', 'CF-RAY': '9c870d757f215cd7-SIN', 'alt-svc': 'h3=":443"; ma=86400'} 
 body={
  "userId": "1",
  "title": "Title 1",
  "body": "This is the body for user 1.",
  "id": 101
} 
 </msg>
<msg time="2026-02-04T08:54:00.633408" level="INFO">${Response} = &lt;Response [201]&gt;</msg>
<var>${Response}</var>
<arg>jsonapi</arg>
<arg>/posts</arg>
<arg>json=${payload}</arg>
<doc>Sends a POST request on a previously created HTTP Session.</doc>
<status status="PASS" start="2026-02-04T08:53:37.954250" elapsed="22.679304"/>
</kw>
<return>
<value>${Response}</value>
<status status="PASS" start="2026-02-04T08:54:00.633884" elapsed="0.000236"/>
</return>
<msg time="2026-02-04T08:54:00.634891" level="INFO">${response} = &lt;Response [201]&gt;</msg>
<var>${response}</var>
<arg>${user_id}</arg>
<arg>${title}</arg>
<arg>${body}</arg>
<doc>Create a new post for a user.</doc>
<status status="PASS" start="2026-02-04T08:53:37.951504" elapsed="22.683516"/>
</kw>
<kw name="Should Be Equal As Integers" owner="BuiltIn">
<msg time="2026-02-04T08:54:00.638907" level="INFO">Argument types are:
&lt;class 'int'&gt;
&lt;class 'str'&gt;</msg>
<arg>${response.status_code}</arg>
<arg>201</arg>
<doc>Fails if objects are unequal after converting them to integers.</doc>
<status status="PASS" start="2026-02-04T08:54:00.635637" elapsed="0.003577"/>
</kw>
<kw name="Should Be Equal" owner="BuiltIn">
<arg>${response.json()['title']}</arg>
<arg>${title}</arg>
<doc>Fails if the given objects are unequal.</doc>
<status status="PASS" start="2026-02-04T08:54:00.639820" elapsed="0.003064"/>
</kw>
<return>
<value>${response.json()}</value>
<status status="PASS" start="2026-02-04T08:54:00.643153" elapsed="0.000247"/>
</return>
<arg>Title 1</arg>
<arg>This is the body for user 1.</arg>
<arg>1</arg>
<doc>Create a new user and verify the response.</doc>
<status status="PASS" start="2026-02-04T08:53:37.937593" elapsed="22.707578"/>
</kw>
<kw name="Create User And Verify">
<kw name="Create API Session" owner="api_keywords">
<kw name="Create Session" owner="RequestsLibrary">
<msg time="2026-02-04T08:54:00.651568" level="INFO">Creating Session using : alias=jsonapi, url=https://jsonplaceholder.typicode.com, headers=,                     cookies={}, auth=None, timeout=None, proxies=None, verify=True,                     debug=0 </msg>
<arg>jsonapi</arg>
<arg>${BASE_URL}</arg>
<arg>headers=${EMPTY}</arg>
<arg>verify=True</arg>
<doc>Create Session: create a HTTP session to a server</doc>
<status status="PASS" start="2026-02-04T08:54:00.649270" elapsed="0.003060"/>
</kw>
<doc>Create a session to the JSONPlaceholder API.</doc>
<status status="PASS" start="2026-02-04T08:54:00.648253" elapsed="0.004391"/>
</kw>
<kw name="Create New Post" owner="api_keywords">
<kw name="Create Dictionary" owner="BuiltIn">
<msg time="2026-02-04T08:54:00.657254" level="INFO">${payload} = {'userId': '2', 'title': 'Title 2', 'body': 'This is the body for user 2.'}</msg>
<var>${payload}</var>
<arg>userId=${user_id}</arg>
<arg>title=${title}</arg>
<arg>body=${body}</arg>
<doc>Creates and returns a dictionary based on the given ``items``.</doc>
<status status="PASS" start="2026-02-04T08:54:00.655040" elapsed="0.002351"/>
</kw>
<kw name="POST On Session" owner="RequestsLibrary">
<msg time="2026-02-04T08:54:23.052282" level="INFO">POST Request : url=https://jsonplaceholder.typicode.com/posts 
 path_url=/posts 
 headers={'User-Agent': 'python-requests/2.32.5', 'Accept-Encoding': 'gzip, deflate, zstd', 'Accept': '*/*', 'Connection': 'keep-alive', 'Content-Length': '75', 'Content-Type': 'application/json'} 
 body=b'{"userId": "2", "title": "Title 2", "body": "This is the body for user 2."}' 
 </msg>
<msg time="2026-02-04T08:54:23.052758" level="INFO">POST Response : url=https://jsonplaceholder.typicode.com/posts 
 status=201, reason=Created 
 headers={'Date': 'Wed, 04 Feb 2026 03:24:23 GMT', 'Content-Type': 'application/json; charset=utf-8', 'Content-Length': '96', 'Connection': 'keep-alive', 'access-control-allow-credentials': 'true', 'access-control-expose-headers': 'Location', 'Cache-Control': 'no-cache', 'etag': 'W/"60-U73PymsoMw7QxDIzDSwbbOPJs00"', 'expires': '-1', 'location': 'https://jsonplaceholder.typicode.com/posts/101', 'nel': '{"report_to":"heroku-nel","response_headers":["Via"],"max_age":3600,"success_fraction":0.01,"failure_fraction":0.1}', 'pragma': 'no-cache', 'report-to': '{"group":"heroku-nel","endpoints":[{"url":"https://nel.heroku.com/reports?s=Z%2BK7zIkymFYbYZeBeZVm%2F6QmDbj1mN6Q4EVOhZwhriw%3D\\u0026sid=e11707d5-02a7-43ef-b45e-2cf4d2036f7d\\u0026ts=1770175463"}],"max_age":3600}', 'reporting-endpoints': 'heroku-nel="https://nel.heroku.com/reports?s=Z%2BK7zIkymFYbYZeBeZVm%2F6QmDbj1mN6Q4EVOhZwhriw%3D&amp;sid=e11707d5-02a7-43ef-b45e-2cf4d2036f7d&amp;ts=1770175463"', 'Server': 'cloudflare', 'vary': 'Origin, X-HTTP-Method-Override, Accept-Encoding', 'via': '2.0 heroku-router', 'x-content-type-options': 'nosniff', 'x-powered-by': 'Express', 'x-ratelimit-limit': '1000', 'x-ratelimit-remaining': '999', 'x-ratelimit-reset': '1770175519', 'cf-cache-status': 'DYNAMIC', 'CF-RAY': '9c870e042f06fd1e-SIN', 'alt-svc': 'h3=":443"; ma=86400'} 
 body={
  "userId": "2",
  "title": "Title 2",
  "body": "This is the body for user 2.",
  "id": 101
} 
 </msg>
<msg time="2026-02-04T08:54:23.053383" level="INFO">${Response} = &lt;Response [201]&gt;</msg>
<var>${Response}</var>
<arg>jsonapi</arg>
<arg>/posts</arg>
<arg>json=${payload}</arg>
<doc>Sends a POST request on a previously created HTTP Session.</doc>
<status status="PASS" start="2026-02-04T08:54:00.657990" elapsed="22.395519"/>
</kw>
<return>
<value>${Response}</value>
<status status="PASS" start="2026-02-04T08:54:23.053827" elapsed="0.000167"/>
</return>
<msg time="2026-02-04T08:54:23.054534" level="INFO">${response} = &lt;Response [201]&gt;</msg>
<var>${response}</var>
<arg>${user_id}</arg>
<arg>${title}</arg>
<arg>${body}</arg>
<doc>Create a new post for a user.</doc>
<status status="PASS" start="2026-02-04T08:54:00.653389" elapsed="22.401323"/>
</kw>
<kw name="Should Be Equal As Integers" owner="BuiltIn">
<msg time="2026-02-04T08:54:23.057749" level="INFO">Argument types are:
&lt;class 'int'&gt;
&lt;class 'str'&gt;</msg>
<arg>${response.status_code}</arg>
<arg>201</arg>
<doc>Fails if objects are unequal after converting them to integers.</doc>
<status status="PASS" start="2026-02-04T08:54:23.055170" elapsed="0.002831"/>
</kw>
<kw name="Should Be Equal" owner="BuiltIn">
<arg>${response.json()['title']}</arg>
<arg>${title}</arg>
<doc>Fails if the given objects are unequal.</doc>
<status status="PASS" start="2026-02-04T08:54:23.058436" elapsed="0.002535"/>
</kw>
<return>
<value>${response.json()}</value>
<status status="PASS" start="2026-02-04T08:54:23.061196" elapsed="0.000132"/>
</return>
<arg>Title 2</arg>
<arg>This is the body for user 2.</arg>
<arg>2</arg>
<doc>Create a new user and verify the response.</doc>
<status status="PASS" start="2026-02-04T08:54:00.646790" elapsed="22.416096"/>
</kw>
<kw name="Create User And Verify">
<kw name="Create API Session" owner="api_keywords">
<kw name="Create Session" owner="RequestsLibrary">
<msg time="2026-02-04T08:54:23.068054" level="INFO">Creating Session using : alias=jsonapi, url=https://jsonplaceholder.typicode.com, headers=,                     cookies={}, auth=None, timeout=None, proxies=None, verify=True,                     debug=0 </msg>
<arg>jsonapi</arg>
<arg>${BASE_URL}</arg>
<arg>headers=${EMPTY}</arg>
<arg>verify=True</arg>
<doc>Create Session: create a HTTP session to a server</doc>
<status status="PASS" start="2026-02-04T08:54:23.066273" elapsed="0.002391"/>
</kw>
<doc>Create a session to the JSONPlaceholder API.</doc>
<status status="PASS" start="2026-02-04T08:54:23.065430" elapsed="0.003511"/>
</kw>
<kw name="Create New Post" owner="api_keywords">
<kw name="Create Dictionary" owner="BuiltIn">
<msg time="2026-02-04T08:54:23.073535" level="INFO">${payload} = {'userId': '3', 'title': 'Title 3', 'body': 'This is the body for user 3.'}</msg>
<var>${payload}</var>
<arg>userId=${user_id}</arg>
<arg>title=${title}</arg>
<arg>body=${body}</arg>
<doc>Creates and returns a dictionary based on the given ``items``.</doc>
<status status="PASS" start="2026-02-04T08:54:23.070971" elapsed="0.002762"/>
</kw>
<kw name="POST On Session" owner="RequestsLibrary">
<msg time="2026-02-04T08:54:24.383604" level="INFO">POST Request : url=https://jsonplaceholder.typicode.com/posts 
 path_url=/posts 
 headers={'User-Agent': 'python-requests/2.32.5', 'Accept-Encoding': 'gzip, deflate, zstd', 'Accept': '*/*', 'Connection': 'keep-alive', 'Content-Length': '75', 'Content-Type': 'application/json'} 
 body=b'{"userId": "3", "title": "Title 3", "body": "This is the body for user 3."}' 
 </msg>
<msg time="2026-02-04T08:54:24.384006" level="INFO">POST Response : url=https://jsonplaceholder.typicode.com/posts 
 status=201, reason=Created 
 headers={'Date': 'Wed, 04 Feb 2026 03:24:24 GMT', 'Content-Type': 'application/json; charset=utf-8', 'Content-Length': '96', 'Connection': 'keep-alive', 'access-control-allow-credentials': 'true', 'access-control-expose-headers': 'Location', 'Cache-Control': 'no-cache', 'etag': 'W/"60-+2bGdL+m92dIA4w2GM6719womzU"', 'expires': '-1', 'location': 'https://jsonplaceholder.typicode.com/posts/101', 'nel': '{"report_to":"heroku-nel","response_headers":["Via"],"max_age":3600,"success_fraction":0.01,"failure_fraction":0.1}', 'pragma': 'no-cache', 'report-to': '{"group":"heroku-nel","endpoints":[{"url":"https://nel.heroku.com/reports?s=ylzFeJ9dKoPKZ%2BwoCPZ2AAcqWFs%2FWu%2FioydDZ6Z9oLs%3D\\u0026sid=e11707d5-02a7-43ef-b45e-2cf4d2036f7d\\u0026ts=1770175464"}],"max_age":3600}', 'reporting-endpoints': 'heroku-nel="https://nel.heroku.com/reports?s=ylzFeJ9dKoPKZ%2BwoCPZ2AAcqWFs%2FWu%2FioydDZ6Z9oLs%3D&amp;sid=e11707d5-02a7-43ef-b45e-2cf4d2036f7d&amp;ts=1770175464"', 'Server': 'cloudflare', 'vary': 'Origin, X-HTTP-Method-Override, Accept-Encoding', 'via': '2.0 heroku-router', 'x-content-type-options': 'nosniff', 'x-powered-by': 'Express', 'x-ratelimit-limit': '1000', 'x-ratelimit-remaining': '998', 'x-ratelimit-reset': '1770175519', 'cf-cache-status': 'DYNAMIC', 'CF-RAY': '9c870e0cbfb3ac32-MRS', 'alt-svc': 'h3=":443"; ma=86400'} 
 body={
  "userId": "3",
  "title": "Title 3",
  "body": "This is the body for user 3.",
  "id": 101
} 
 </msg>
<msg time="2026-02-04T08:54:24.384527" level="INFO">${Response} = &lt;Response [201]&gt;</msg>
<var>${Response}</var>
<arg>jsonapi</arg>
<arg>/posts</arg>
<arg>json=${payload}</arg>
<doc>Sends a POST request on a previously created HTTP Session.</doc>
<status status="PASS" start="2026-02-04T08:54:23.074593" elapsed="1.310059"/>
</kw>
<return>
<value>${Response}</value>
<status status="PASS" start="2026-02-04T08:54:24.384943" elapsed="0.000241"/>
</return>
<msg time="2026-02-04T08:54:24.385845" level="INFO">${response} = &lt;Response [201]&gt;</msg>
<var>${response}</var>
<arg>${user_id}</arg>
<arg>${title}</arg>
<arg>${body}</arg>
<doc>Create a new post for a user.</doc>
<status status="PASS" start="2026-02-04T08:54:23.069592" elapsed="1.316377"/>
</kw>
<kw name="Should Be Equal As Integers" owner="BuiltIn">
<msg time="2026-02-04T08:54:24.389014" level="INFO">Argument types are:
&lt;class 'int'&gt;
&lt;class 'str'&gt;</msg>
<arg>${response.status_code}</arg>
<arg>201</arg>
<doc>Fails if objects are unequal after converting them to integers.</doc>
<status status="PASS" start="2026-02-04T08:54:24.386560" elapsed="0.002697"/>
</kw>
<kw name="Should Be Equal" owner="BuiltIn">
<arg>${response.json()['title']}</arg>
<arg>${title}</arg>
<doc>Fails if the given objects are unequal.</doc>
<status status="PASS" start="2026-02-04T08:54:24.389739" elapsed="0.002503"/>
</kw>
<return>
<value>${response.json()}</value>
<status status="PASS" start="2026-02-04T08:54:24.392460" elapsed="0.000111"/>
</return>
<arg>Title 3</arg>
<arg>This is the body for user 3.</arg>
<arg>3</arg>
<doc>Create a new user and verify the response.</doc>
<status status="PASS" start="2026-02-04T08:54:23.064131" elapsed="1.330005"/>
</kw>
<doc>Verify that a new user can be created and the response is correct.</doc>
<status status="PASS" start="2026-02-04T08:53:37.935567" elapsed="46.459601"/>
</test>
<status status="PASS" start="2026-02-04T08:53:37.728697" elapsed="46.670267"/>
</suite>
<suite id="s1-s2" name="User Api Tests" source="D:\Python_Automation_Assignment\tests\user_api_tests.robot">
<test id="s1-s2-t1" name="Test Get All Users - Positive" line="5">
<kw name="Create API Session" owner="api_keywords">
<kw name="Create Session" owner="RequestsLibrary">
<msg time="2026-02-04T08:54:24.430271" level="INFO">Creating Session using : alias=jsonapi, url=https://jsonplaceholder.typicode.com, headers=,                     cookies={}, auth=None, timeout=None, proxies=None, verify=True,                     debug=0 </msg>
<arg>jsonapi</arg>
<arg>${BASE_URL}</arg>
<arg>headers=${EMPTY}</arg>
<arg>verify=True</arg>
<doc>Create Session: create a HTTP session to a server</doc>
<status status="PASS" start="2026-02-04T08:54:24.426814" elapsed="0.005271"/>
</kw>
<doc>Create a session to the JSONPlaceholder API.</doc>
<status status="PASS" start="2026-02-04T08:54:24.425659" elapsed="0.007498"/>
</kw>
<kw name="Get All Users" owner="api_keywords">
<kw name="GET On Session" owner="RequestsLibrary">
<msg time="2026-02-04T08:54:46.708156" level="INFO">GET Request : url=https://jsonplaceholder.typicode.com/users 
 path_url=/users 
 headers={'User-Agent': 'python-requests/2.32.5', 'Accept-Encoding': 'gzip, deflate, zstd', 'Accept': '*/*', 'Connection': 'keep-alive'} 
 body=None 
 </msg>
<msg time="2026-02-04T08:54:46.708650" level="INFO">GET Response : url=https://jsonplaceholder.typicode.com/users 
 status=200, reason=OK 
 headers={'Date': 'Wed, 04 Feb 2026 03:24:46 GMT', 'Content-Type': 'application/json; charset=utf-8', 'Content-Length': '1847', 'Connection': 'keep-alive', 'access-control-allow-credentials': 'true', 'Cache-Control': 'max-age=43200', 'Content-Encoding': 'gzip', 'etag': 'W/"160d-1eMSsxeJRfnVLRBmYJSbCiJZ1qQ"', 'expires': '-1', 'nel': '{"report_to":"heroku-nel","response_headers":["Via"],"max_age":3600,"success_fraction":0.01,"failure_fraction":0.1}', 'pragma': 'no-cache', 'report-to': '{"group":"heroku-nel","endpoints":[{"url":"https://nel.heroku.com/reports?s=nZhVoyypA48y5%2FAbO7Xs3zB0bF7iL4sfOiMaa6sQUvA%3D\\u0026sid=e11707d5-02a7-43ef-b45e-2cf4d2036f7d\\u0026ts=1763569631"}],"max_age":3600}', 'reporting-endpoints': 'heroku-nel="https://nel.heroku.com/reports?s=nZhVoyypA48y5%2FAbO7Xs3zB0bF7iL4sfOiMaa6sQUvA%3D&amp;sid=e11707d5-02a7-43ef-b45e-2cf4d2036f7d&amp;ts=1763569631"', 'Server': 'cloudflare', 'vary': 'Origin, Accept-Encoding', 'via': '2.0 heroku-router', 'x-content-type-options': 'nosniff', 'x-powered-by': 'Express', 'x-ratelimit-limit': '1000', 'x-ratelimit-remaining': '999', 'x-ratelimit-reset': '1763569633', 'Age': '19362', 'Accept-Ranges': 'bytes', 'cf-cache-status': 'HIT', 'CF-RAY': '9c870e97fb58fd39-SIN', 'alt-svc': 'h3=":443"; ma=86400'} 
 body=[
  {
    "id": 1,
    "name": "Leanne Graham",
    "username": "Bret",
    "email": "Sincere@april.biz",
    "address": {
      "street": "Kulas Light",
      "suite": "Apt. 556",
      "city": "Gwenborough",
      "zipcode": "92998-3874",
      "geo": {
        "lat": "-37.3159",
        "lng": "81.1496"
      }
    },
    "phone": "1-770-736-8031 x56442",
    "website": "hildegard.org",
    "company": {
      "name": "Romaguera-Crona",
      "catchPhrase": "Multi-layered client-server neural-net",
      "bs": "harness real-time e-markets"
    }
  },
  {
    "id": 2,
    "name": "Ervin Howell",
    "username": "Antonette",
    "email": "Shanna@melissa.tv",
    "address": {
      "street": "Victor Plains",
      "suite": "Suite 879",
      "city": "Wisokyburgh",
      "zipcode": "90566-7771",
      "geo": {
        "lat": "-43.9509",
        "lng": "-34.4618"
      }
    },
    "phone": "010-692-6593 x09125",
    "website": "anastasia.net",
    "company": {
      "name": "Deckow-Crist",
      "catchPhrase": "Proactive didactic contingency",
      "bs": "synergize scalable supply-chains"
    }
  },
  {
    "id": 3,
    "name": "Clementine Bauch",
    "username": "Samantha",
    "email": "Nathan@yesenia.net",
    "address": {
      "street": "Douglas Extension",
      "suite": "Suite 847",
      "city": "McKenziehaven",
      "zipcode": "59590-4157",
      "geo": {
        "lat": "-68.6102",
        "lng": "-47.0653"
      }
    },
    "phone": "1-463-123-4447",
    "website": "ramiro.info",
    "company": {
      "name": "Romaguera-Jacobson",
      "catchPhrase": "Face to face bifurcated interface",
      "bs": "e-enable strategic applications"
    }
  },
  {
    "id": 4,
    "name": "Patricia Lebsack",
    "username": "Karianne",
    "email": "Julianne.OConner@kory.org",
    "address": {
      "street": "Hoeger Mall",
      "suite": "Apt. 692",
      "city": "South Elvis",
      "zipcode": "53919-4257",
      "geo": {
        "lat": "29.4572",
        "lng": "-164.2990"
      }
    },
    "phone": "493-170-9623 x156",
    "website": "kale.biz",
    "company": {
      "name": "Robel-Corkery",
      "catchPhrase": "Multi-tiered zero tolerance productivity",
      "bs": "transition cutting-edge web services"
    }
  },
  {
    "id": 5,
    "name": "Chelsey Dietrich",
    "username": "Kamren",
    "email": "Lucio_Hettinger@annie.ca",
    "address": {
      "street": "Skiles Walks",
      "suite": "Suite 351",
      "city": "Roscoeview",
      "zipcode": "33263",
      "geo": {
        "lat": "-31.8129",
        "lng": "62.5342"
      }
    },
    "phone": "(254)954-1289",
    "website": "demarco.info",
    "company": {
      "name": "Keebler LLC",
      "catchPhrase": "User-centric fault-tolerant solution",
      "bs": "revolutionize end-to-end systems"
    }
  },
  {
    "id": 6,
    "name": "Mrs. Dennis Schulist",
    "username": "Leopoldo_Corkery",
    "email": "Karley_Dach@jasper.info",
    "address": {
      "street": "Norberto Crossing",
      "suite": "Apt. 950",
      "city": "South Christy",
      "zipcode": "23505-1337",
      "geo": {
        "lat": "-71.4197",
        "lng": "71.7478"
      }
    },
    "phone": "1-477-935-8478 x6430",
    "website": "ola.org",
    "company": {
      "name": "Considine-Lockman",
      "catchPhrase": "Synchronised bottom-line interface",
      "bs": "e-enable innovative applications"
    }
  },
  {
    "id": 7,
    "name": "Kurtis Weissnat",
    "username": "Elwyn.Skiles",
    "email": "Telly.Hoeger@billy.biz",
    "address": {
      "street": "Rex Trail",
      "suite": "Suite 280",
      "city": "Howemouth",
      "zipcode": "58804-1099",
      "geo": {
        "lat": "24.8918",
        "lng": "21.8984"
      }
    },
    "phone": "210.067.6132",
    "website": "elvis.io",
    "company": {
      "name": "Johns Group",
      "catchPhrase": "Configurable multimedia task-force",
      "bs": "generate enterprise e-tailers"
    }
  },
  {
    "id": 8,
    "name": "Nicholas Runolfsdottir V",
    "username": "Maxime_Nienow",
    "email": "Sherwood@rosamond.me",
    "address": {
      "street": "Ellsworth Summit",
      "suite": "Suite 729",
      "city": "Aliyaview",
      "zipcode": "45169",
      "geo": {
        "lat": "-14.3990",
        "lng": "-120.7677"
      }
    },
    "phone": "586.493.6943 x140",
    "website": "jacynthe.com",
    "company": {
      "name": "Abernathy Group",
      "catchPhrase": "Implemented secondary concept",
      "bs": "e-enable extensible e-tailers"
    }
  },
  {
    "id": 9,
    "name": "Glenna Reichert",
    "username": "Delphine",
    "email": "Chaim_McDermott@dana.io",
    "address": {
      "street": "Dayna Park",
      "suite": "Suite 449",
      "city": "Bartholomebury",
      "zipcode": "76495-3109",
      "geo": {
        "lat": "24.6463",
        "lng": "-168.8889"
      }
    },
    "phone": "(775)976-6794 x41206",
    "website": "conrad.com",
    "company": {
      "name": "Yost and Sons",
      "catchPhrase": "Switchable contextually-based project",
      "bs": "aggregate real-time technologies"
    }
  },
  {
    "id": 10,
    "name": "Clementina DuBuque",
    "username": "Moriah.Stanton",
    "email": "Rey.Padberg@karina.biz",
    "address": {
      "street": "Kattie Turnpike",
      "suite": "Suite 198",
      "city": "Lebsackbury",
      "zipcode": "31428-2261",
      "geo": {
        "lat": "-38.2386",
        "lng": "57.2232"
      }
    },
    "phone": "024-648-3804",
    "website": "ambrose.net",
    "company": {
      "name": "Hoeger LLC",
      "catchPhrase": "Centralized empowering task-force",
      "bs": "target end-to-end models"
    }
  }
] 
 </msg>
<msg time="2026-02-04T08:54:46.709392" level="INFO">${Response} = &lt;Response [200]&gt;</msg>
<var>${Response}</var>
<arg>jsonapi</arg>
<arg>/users</arg>
<doc>Sends a GET request on a previously created HTTP Session.</doc>
<status status="PASS" start="2026-02-04T08:54:24.440309" elapsed="22.269339"/>
</kw>
<kw name="Validate Status Code" owner="api_validators">
<arg>${Response}</arg>
<arg>200</arg>
<doc>Validate status code of response.</doc>
<status status="PASS" start="2026-02-04T08:54:46.710528" elapsed="0.000680"/>
</kw>
<kw name="Validate Key Present" owner="api_validators">
<arg>${Response}</arg>
<arg>0</arg>
<arg>id</arg>
<doc>Validate that a key is present in the response JSON.</doc>
<status status="PASS" start="2026-02-04T08:54:46.711763" elapsed="0.001112"/>
</kw>
<return>
<value>${Response}</value>
<status status="PASS" start="2026-02-04T08:54:46.713148" elapsed="0.000157"/>
</return>
<msg time="2026-02-04T08:54:46.713918" level="INFO">${Response} = &lt;Response [200]&gt;</msg>
<var>${Response}</var>
<doc>Get a list of all users from the API.</doc>
<status status="PASS" start="2026-02-04T08:54:24.435768" elapsed="22.278281"/>
</kw>
<kw name="Should Be Equal As Integers" owner="BuiltIn">
<msg time="2026-02-04T08:54:46.718800" level="INFO">Argument types are:
&lt;class 'int'&gt;
&lt;class 'str'&gt;</msg>
<arg>${Response.status_code}</arg>
<arg>200</arg>
<doc>Fails if objects are unequal after converting them to integers.</doc>
<status status="PASS" start="2026-02-04T08:54:46.715190" elapsed="0.003901"/>
</kw>
<kw name="Length Should Be" owner="BuiltIn">
<msg time="2026-02-04T08:54:46.724814" level="INFO">Length is 10.</msg>
<arg>${Response.json()}</arg>
<arg>10</arg>
<doc>Verifies that the length of the given item is correct.</doc>
<status status="PASS" start="2026-02-04T08:54:46.720139" elapsed="0.005044"/>
</kw>
<doc>Verify that all users can be retrieved from the API.</doc>
<status status="PASS" start="2026-02-04T08:54:24.421669" elapsed="22.304528"/>
</test>
<test id="s1-s2-t2" name="Test Get User By ID - Validate payload" line="12">
<kw name="Create API Session" owner="api_keywords">
<kw name="Create Session" owner="RequestsLibrary">
<msg time="2026-02-04T08:54:46.741765" level="INFO">Creating Session using : alias=jsonapi, url=https://jsonplaceholder.typicode.com, headers=,                     cookies={}, auth=None, timeout=None, proxies=None, verify=True,                     debug=0 </msg>
<arg>jsonapi</arg>
<arg>${BASE_URL}</arg>
<arg>headers=${EMPTY}</arg>
<arg>verify=True</arg>
<doc>Create Session: create a HTTP session to a server</doc>
<status status="PASS" start="2026-02-04T08:54:46.735463" elapsed="0.007420"/>
</kw>
<doc>Create a session to the JSONPlaceholder API.</doc>
<status status="PASS" start="2026-02-04T08:54:46.733449" elapsed="0.010062"/>
</kw>
<kw name="Get User By ID" owner="api_keywords">
<kw name="GET On Session" owner="RequestsLibrary">
<msg time="2026-02-04T08:54:48.868427" level="INFO">GET Request : url=https://jsonplaceholder.typicode.com/posts/1 
 path_url=/posts/1 
 headers={'User-Agent': 'python-requests/2.32.5', 'Accept-Encoding': 'gzip, deflate, zstd', 'Accept': '*/*', 'Connection': 'keep-alive'} 
 body=None 
 </msg>
<msg time="2026-02-04T08:54:48.868828" level="INFO">GET Response : url=https://jsonplaceholder.typicode.com/posts/1 
 status=200, reason=OK 
 headers={'Date': 'Wed, 04 Feb 2026 03:24:48 GMT', 'Content-Type': 'application/json; charset=utf-8', 'Transfer-Encoding': 'chunked', 'Connection': 'keep-alive', 'access-control-allow-credentials': 'true', 'Cache-Control': 'max-age=43200', 'etag': 'W/"124-yiKdLzqO5gfBrJFrcdJ8Yq0LGnU"', 'expires': '-1', 'nel': '{"report_to":"heroku-nel","response_headers":["Via"],"max_age":3600,"success_fraction":0.01,"failure_fraction":0.1}', 'pragma': 'no-cache', 'report-to': '{"group":"heroku-nel","endpoints":[{"url":"https://nel.heroku.com/reports?s=QSmy2KQ047cilO8I6VYc3undbRRzgnmn2%2FWQ6HynRsM%3D\\u0026sid=e11707d5-02a7-43ef-b45e-2cf4d2036f7d\\u0026ts=1769761254"}],"max_age":3600}', 'reporting-endpoints': 'heroku-nel="https://nel.heroku.com/reports?s=QSmy2KQ047cilO8I6VYc3undbRRzgnmn2%2FWQ6HynRsM%3D&amp;sid=e11707d5-02a7-43ef-b45e-2cf4d2036f7d&amp;ts=1769761254"', 'Server': 'cloudflare', 'vary': 'Origin, Accept-Encoding', 'via': '2.0 heroku-router', 'x-content-type-options': 'nosniff', 'x-powered-by': 'Express', 'x-ratelimit-limit': '1000', 'x-ratelimit-remaining': '999', 'x-ratelimit-reset': '1769761275', 'Age': '11025', 'cf-cache-status': 'HIT', 'Content-Encoding': 'zstd', 'CF-RAY': '9c870ea13950d881-MRS', 'alt-svc': 'h3=":443"; ma=86400'} 
 body={
  "userId": 1,
  "id": 1,
  "title": "sunt aut facere repellat provident occaecati excepturi optio reprehenderit",
  "body": "quia et suscipit\nsuscipit recusandae consequuntur expedita et cum\nreprehenderit molestiae ut ut quas totam\nnostrum rerum est autem sunt rem eveniet architecto"
} 
 </msg>
<msg time="2026-02-04T08:54:48.869571" level="INFO">${Response} = &lt;Response [200]&gt;</msg>
<var>${Response}</var>
<arg>jsonapi</arg>
<arg>/posts/1</arg>
<doc>Sends a GET request on a previously created HTTP Session.</doc>
<status status="PASS" start="2026-02-04T08:54:46.746261" elapsed="2.123448"/>
</kw>
<return>
<value>${Response}</value>
<status status="PASS" start="2026-02-04T08:54:48.869988" elapsed="0.000173"/>
</return>
<msg time="2026-02-04T08:54:48.870837" level="INFO">${Response} = &lt;Response [200]&gt;</msg>
<var>${Response}</var>
<doc>Get a user by their ID.</doc>
<status status="PASS" start="2026-02-04T08:54:46.744842" elapsed="2.126116"/>
</kw>
<kw name="Should Be Equal As Integers" owner="BuiltIn">
<msg time="2026-02-04T08:54:48.874867" level="INFO">Argument types are:
&lt;class 'int'&gt;
&lt;class 'str'&gt;</msg>
<arg>${Response.status_code}</arg>
<arg>200</arg>
<doc>Fails if objects are unequal after converting them to integers.</doc>
<status status="PASS" start="2026-02-04T08:54:48.872120" elapsed="0.003067"/>
</kw>
<kw name="Dictionary Should Contain Key" owner="Collections">
<arg>${Response.json()}</arg>
<arg>title</arg>
<doc>Fails if ``key`` is not found from ``dictionary``.</doc>
<status status="PASS" start="2026-02-04T08:54:48.876264" elapsed="0.002166"/>
</kw>
<doc>Verify that a user can be retrieved by their ID and the payload is</doc>
<status status="PASS" start="2026-02-04T08:54:46.729113" elapsed="2.150398"/>
</test>
<test id="s1-s2-t3" name="Test Create New Post - Positive" line="19">
<kw name="Create API Session" owner="api_keywords">
<kw name="Create Session" owner="RequestsLibrary">
<msg time="2026-02-04T08:54:48.892576" level="INFO">Creating Session using : alias=jsonapi, url=https://jsonplaceholder.typicode.com, headers=,                     cookies={}, auth=None, timeout=None, proxies=None, verify=True,                     debug=0 </msg>
<arg>jsonapi</arg>
<arg>${BASE_URL}</arg>
<arg>headers=${EMPTY}</arg>
<arg>verify=True</arg>
<doc>Create Session: create a HTTP session to a server</doc>
<status status="PASS" start="2026-02-04T08:54:48.887860" elapsed="0.006194"/>
</kw>
<doc>Create a session to the JSONPlaceholder API.</doc>
<status status="PASS" start="2026-02-04T08:54:48.885711" elapsed="0.009170"/>
</kw>
<kw name="Create New Post" owner="api_keywords">
<kw name="Create Dictionary" owner="BuiltIn">
<msg time="2026-02-04T08:54:48.902719" level="INFO">${payload} = {'userId': '1', 'title': 'Test Title', 'body': 'This is a test body.'}</msg>
<var>${payload}</var>
<arg>userId=${user_id}</arg>
<arg>title=${title}</arg>
<arg>body=${body}</arg>
<doc>Creates and returns a dictionary based on the given ``items``.</doc>
<status status="PASS" start="2026-02-04T08:54:48.899401" elapsed="0.003573"/>
</kw>
<kw name="POST On Session" owner="RequestsLibrary">
<msg time="2026-02-04T08:54:50.833686" level="INFO">POST Request : url=https://jsonplaceholder.typicode.com/posts 
 path_url=/posts 
 headers={'User-Agent': 'python-requests/2.32.5', 'Accept-Encoding': 'gzip, deflate, zstd', 'Accept': '*/*', 'Connection': 'keep-alive', 'Content-Length': '70', 'Content-Type': 'application/json'} 
 body=b'{"userId": "1", "title": "Test Title", "body": "This is a test body."}' 
 </msg>
<msg time="2026-02-04T08:54:50.834223" level="INFO">POST Response : url=https://jsonplaceholder.typicode.com/posts 
 status=201, reason=Created 
 headers={'Date': 'Wed, 04 Feb 2026 03:24:51 GMT', 'Content-Type': 'application/json; charset=utf-8', 'Content-Length': '91', 'Connection': 'keep-alive', 'access-control-allow-credentials': 'true', 'access-control-expose-headers': 'Location', 'Cache-Control': 'no-cache', 'etag': 'W/"5b-d9CxKd/qagkVRbFILetDnATrja4"', 'expires': '-1', 'location': 'https://jsonplaceholder.typicode.com/posts/101', 'nel': '{"report_to":"heroku-nel","response_headers":["Via"],"max_age":3600,"success_fraction":0.01,"failure_fraction":0.1}', 'pragma': 'no-cache', 'report-to': '{"group":"heroku-nel","endpoints":[{"url":"https://nel.heroku.com/reports?s=Rp92%2BzVb%2BEbTFUHafe7UsGUtiobOGI6A3YT6xgn%2FvtU%3D\\u0026sid=e11707d5-02a7-43ef-b45e-2cf4d2036f7d\\u0026ts=1770175491"}],"max_age":3600}', 'reporting-endpoints': 'heroku-nel="https://nel.heroku.com/reports?s=Rp92%2BzVb%2BEbTFUHafe7UsGUtiobOGI6A3YT6xgn%2FvtU%3D&amp;sid=e11707d5-02a7-43ef-b45e-2cf4d2036f7d&amp;ts=1770175491"', 'Server': 'cloudflare', 'vary': 'Origin, X-HTTP-Method-Override, Accept-Encoding', 'via': '2.0 heroku-router', 'x-content-type-options': 'nosniff', 'x-powered-by': 'Express', 'x-ratelimit-limit': '1000', 'x-ratelimit-remaining': '997', 'x-ratelimit-reset': '1770175519', 'cf-cache-status': 'DYNAMIC', 'CF-RAY': '9c870eb27f764a32-MRS', 'alt-svc': 'h3=":443"; ma=86400'} 
 body={
  "userId": "1",
  "title": "Test Title",
  "body": "This is a test body.",
  "id": 101
} 
 </msg>
<msg time="2026-02-04T08:54:50.834865" level="INFO">${Response} = &lt;Response [201]&gt;</msg>
<var>${Response}</var>
<arg>jsonapi</arg>
<arg>/posts</arg>
<arg>json=${payload}</arg>
<doc>Sends a POST request on a previously created HTTP Session.</doc>
<status status="PASS" start="2026-02-04T08:54:48.904393" elapsed="1.930602"/>
</kw>
<return>
<value>${Response}</value>
<status status="PASS" start="2026-02-04T08:54:50.835348" elapsed="0.000153"/>
</return>
<msg time="2026-02-04T08:54:50.836172" level="INFO">${Response} = &lt;Response [201]&gt;</msg>
<var>${Response}</var>
<arg>1</arg>
<arg>Test Title</arg>
<arg>This is a test body.</arg>
<doc>Create a new post for a user.</doc>
<status status="PASS" start="2026-02-04T08:54:48.897077" elapsed="1.939240"/>
</kw>
<kw name="Should Be Equal As Integers" owner="BuiltIn">
<msg time="2026-02-04T08:54:50.840735" level="INFO">Argument types are:
&lt;class 'int'&gt;
&lt;class 'str'&gt;</msg>
<arg>${Response.status_code}</arg>
<arg>201</arg>
<doc>Fails if objects are unequal after converting them to integers.</doc>
<status status="PASS" start="2026-02-04T08:54:50.837502" elapsed="0.003509"/>
</kw>
<kw name="Should Be Equal" owner="BuiltIn">
<arg>${Response.json()['title']}</arg>
<arg>Test Title</arg>
<doc>Fails if the given objects are unequal.</doc>
<status status="PASS" start="2026-02-04T08:54:50.842038" elapsed="0.002680"/>
</kw>
<doc>Verify that a new post can be created for a user.</doc>
<status status="PASS" start="2026-02-04T08:54:48.882482" elapsed="1.963416"/>
</test>
<test id="s1-s2-t4" name="Negative Test - Invalid Endpoint" line="26">
<kw name="Create API Session" owner="api_keywords">
<kw name="Create Session" owner="RequestsLibrary">
<msg time="2026-02-04T08:54:50.856986" level="INFO">Creating Session using : alias=jsonapi, url=https://jsonplaceholder.typicode.com, headers=,                     cookies={}, auth=None, timeout=None, proxies=None, verify=True,                     debug=0 </msg>
<arg>jsonapi</arg>
<arg>${BASE_URL}</arg>
<arg>headers=${EMPTY}</arg>
<arg>verify=True</arg>
<doc>Create Session: create a HTTP session to a server</doc>
<status status="PASS" start="2026-02-04T08:54:50.853288" elapsed="0.004711"/>
</kw>
<doc>Create a session to the JSONPlaceholder API.</doc>
<status status="PASS" start="2026-02-04T08:54:50.851370" elapsed="0.007127"/>
</kw>
<kw name="GET On Session" owner="RequestsLibrary">
<msg time="2026-02-04T08:54:52.032282" level="INFO">GET Request : url=https://jsonplaceholder.typicode.com/invalid 
 path_url=/invalid 
 headers={'User-Agent': 'python-requests/2.32.5', 'Accept-Encoding': 'gzip, deflate, zstd', 'Accept': '*/*', 'Connection': 'keep-alive'} 
 body=None 
 </msg>
<msg time="2026-02-04T08:54:52.032782" level="INFO">GET Response : url=https://jsonplaceholder.typicode.com/invalid 
 status=404, reason=Not Found 
 headers={'Date': 'Wed, 04 Feb 2026 03:24:52 GMT', 'Content-Type': 'application/json; charset=utf-8', 'Transfer-Encoding': 'chunked', 'Connection': 'keep-alive', 'access-control-allow-credentials': 'true', 'Cache-Control': 'max-age=43200', 'etag': 'W/"2-vyGp6PvFo4RvsFtPoIWeCReyIC8"', 'expires': '-1', 'nel': '{"report_to":"heroku-nel","response_headers":["Via"],"max_age":3600,"success_fraction":0.01,"failure_fraction":0.1}', 'pragma': 'no-cache', 'report-to': '{"group":"heroku-nel","endpoints":[{"url":"https://nel.heroku.com/reports?s=xFgLpaZ2vn8LoPBzYl%2FiV9GA%2FhOn0Ok649Qedc9VNEs%3D\\u0026sid=e11707d5-02a7-43ef-b45e-2cf4d2036f7d\\u0026ts=1770173416"}],"max_age":3600}', 'reporting-endpoints': 'heroku-nel="https://nel.heroku.com/reports?s=xFgLpaZ2vn8LoPBzYl%2FiV9GA%2FhOn0Ok649Qedc9VNEs%3D&amp;sid=e11707d5-02a7-43ef-b45e-2cf4d2036f7d&amp;ts=1770173416"', 'Server': 'cloudflare', 'vary': 'Origin, Accept-Encoding', 'via': '2.0 heroku-router', 'x-content-type-options': 'nosniff', 'x-powered-by': 'Express', 'x-ratelimit-limit': '1000', 'x-ratelimit-remaining': '996', 'x-ratelimit-reset': '1770173419', 'Age': '2075', 'cf-cache-status': 'HIT', 'Content-Encoding': 'zstd', 'CF-RAY': '9c870eba39b797e0-MRS', 'alt-svc': 'h3=":443"; ma=86400'} 
 body={} 
 </msg>
<msg time="2026-02-04T08:54:52.033561" level="INFO">${Response} = &lt;Response [404]&gt;</msg>
<var>${Response}</var>
<arg>jsonapi</arg>
<arg>/invalid</arg>
<arg>expected_status=404</arg>
<doc>Sends a GET request on a previously created HTTP Session.</doc>
<status status="PASS" start="2026-02-04T08:54:50.859810" elapsed="1.173901"/>
</kw>
<kw name="Should Be Equal As Integers" owner="BuiltIn">
<msg time="2026-02-04T08:54:52.038731" level="INFO">Argument types are:
&lt;class 'int'&gt;
&lt;class 'str'&gt;</msg>
<arg>${Response.status_code}</arg>
<arg>404</arg>
<doc>Fails if objects are unequal after converting them to integers.</doc>
<status status="PASS" start="2026-02-04T08:54:52.034998" elapsed="0.004045"/>
</kw>
<doc>Verify that accessing an invalid endpoint returns a 404 status code.</doc>
<status status="PASS" start="2026-02-04T08:54:50.848904" elapsed="1.191329"/>
</test>
<status status="PASS" start="2026-02-04T08:54:24.402480" elapsed="27.640683"/>
</suite>
<status status="PASS" start="2026-02-04T08:53:37.628940" elapsed="74.418985"/>
</suite>
<statistics>
<total>
<stat pass="5" fail="0" skip="0">All Tests</stat>
</total>
<tag>
</tag>
<suite>
<stat name="Tests" id="s1" pass="5" fail="0" skip="0">Tests</stat>
<stat name="Data Driven Tests" id="s1-s1" pass="1" fail="0" skip="0">Tests.Data Driven Tests</stat>
<stat name="User Api Tests" id="s1-s2" pass="4" fail="0" skip="0">Tests.User Api Tests</stat>
</suite>
</statistics>
<errors>
</errors>
</robot>
