<?xml version="1.0" encoding="UTF-8"?>
<robot generator="Robot 7.4.1 (Python 3.14.2 on win32)" generated="2026-02-04T16:41:13.741886" rpa="false" schemaversion="5">
<suite id="s1" name="Tests" source="D:\Python_Automation_Assignment\robot_api_framework\tests">
<suite id="s1-s1" name="Data Driven Tests" source="D:\Python_Automation_Assignment\robot_api_framework\tests\data_driven_tests.robot">
<test id="s1-s1-t1" name="Create User And Verify - Positive" line="5">
<kw name="Create User And Verify">
<kw name="Create API Session" owner="api_keywords">
<kw name="Create Session" owner="RequestsLibrary">
<msg time="2026-02-04T16:41:15.485932" level="INFO">Creating Session using : alias=jsonapi, url=https://jsonplaceholder.typicode.com, headers=,                     cookies={}, auth=None, timeout=None, proxies=None, verify=True,                     debug=0 </msg>
<arg>jsonapi</arg>
<arg>${BASE_URL}</arg>
<arg>headers=${EMPTY}</arg>
<arg>verify=True</arg>
<doc>Create Session: create a HTTP session to a server</doc>
<status status="PASS" start="2026-02-04T16:41:15.482152" elapsed="0.005243"/>
</kw>
<doc>Create a session to the JSONPlaceholder API.</doc>
<status status="PASS" start="2026-02-04T16:41:15.461632" elapsed="0.027267"/>
</kw>
<kw name="Create New Post" owner="api_keywords">
<kw name="Create Dictionary" owner="BuiltIn">
<msg time="2026-02-04T16:41:15.498265" level="INFO">${payload} = {'userId': '1', 'title': 'Title 1', 'body': 'This is the body for user 1.'}</msg>
<var>${payload}</var>
<arg>userId=${user_id}</arg>
<arg>title=${title}</arg>
<arg>body=${body}</arg>
<doc>Creates and returns a dictionary based on the given ``items``.</doc>
<status status="PASS" start="2026-02-04T16:41:15.492422" elapsed="0.006045"/>
</kw>
<kw name="POST On Session" owner="RequestsLibrary">
<msg time="2026-02-04T16:41:38.583210" level="INFO">POST Request : url=https://jsonplaceholder.typicode.com/posts 
 path_url=/posts 
 headers={'User-Agent': 'python-requests/2.32.5', 'Accept-Encoding': 'gzip, deflate, zstd', 'Accept': '*/*', 'Connection': 'keep-alive', 'Content-Length': '75', 'Content-Type': 'application/json'} 
 body=b'{"userId": "1", "title": "Title 1", "body": "This is the body for user 1."}' 
 </msg>
<msg time="2026-02-04T16:41:38.583791" level="INFO">POST Response : url=https://jsonplaceholder.typicode.com/posts 
 status=201, reason=Created 
 headers={'Date': 'Wed, 04 Feb 2026 11:11:38 GMT', 'Content-Type': 'application/json; charset=utf-8', 'Content-Length': '96', 'Connection': 'keep-alive', 'access-control-allow-credentials': 'true', 'access-control-expose-headers': 'Location', 'Cache-Control': 'no-cache', 'etag': 'W/"60-xhr+tL7hSLyi73JgzU/58bKzj4k"', 'expires': '-1', 'location': 'https://jsonplaceholder.typicode.com/posts/101', 'nel': '{"report_to":"heroku-nel","response_headers":["Via"],"max_age":3600,"success_fraction":0.01,"failure_fraction":0.1}', 'pragma': 'no-cache', 'report-to': '{"group":"heroku-nel","endpoints":[{"url":"https://nel.heroku.com/reports?s=1sQLKwcceOCg4GGDVOHigpFKGBXlMN29UQCbG1ZMKrI%3D\\u0026sid=e11707d5-02a7-43ef-b45e-2cf4d2036f7d\\u0026ts=1770203498"}],"max_age":3600}', 'reporting-endpoints': 'heroku-nel="https://nel.heroku.com/reports?s=1sQLKwcceOCg4GGDVOHigpFKGBXlMN29UQCbG1ZMKrI%3D&amp;sid=e11707d5-02a7-43ef-b45e-2cf4d2036f7d&amp;ts=1770203498"', 'Server': 'cloudflare', 'vary': 'Origin, X-HTTP-Method-Override, Accept-Encoding', 'via': '2.0 heroku-router', 'x-content-type-options': 'nosniff', 'x-powered-by': 'Express', 'x-ratelimit-limit': '1000', 'x-ratelimit-remaining': '999', 'x-ratelimit-reset': '1770203541', 'cf-cache-status': 'DYNAMIC', 'CF-RAY': '9c89ba783acffd07-SIN', 'alt-svc': 'h3=":443"; ma=86400'} 
 body={
  "userId": "1",
  "title": "Title 1",
  "body": "This is the body for user 1.",
  "id": 101
} 
 </msg>
<msg time="2026-02-04T16:41:38.584383" level="INFO">${Response} = &lt;Response [201]&gt;</msg>
<var>${Response}</var>
<arg>jsonapi</arg>
<arg>/posts</arg>
<arg>json=${payload}</arg>
<doc>Sends a POST request on a previously created HTTP Session.</doc>
<status status="PASS" start="2026-02-04T16:41:15.499264" elapsed="23.085252"/>
</kw>
<return>
<value>${Response}</value>
<status status="PASS" start="2026-02-04T16:41:38.584831" elapsed="0.000218"/>
</return>
<msg time="2026-02-04T16:41:38.585722" level="INFO">${response} = &lt;Response [201]&gt;</msg>
<var>${response}</var>
<arg>${user_id}</arg>
<arg>${title}</arg>
<arg>${body}</arg>
<doc>Create a new post for a user.</doc>
<status status="PASS" start="2026-02-04T16:41:15.489946" elapsed="23.095898"/>
</kw>
<kw name="Should Be Equal As Integers" owner="BuiltIn">
<msg time="2026-02-04T16:41:38.588876" level="INFO">Argument types are:
&lt;class 'int'&gt;
&lt;class 'str'&gt;</msg>
<arg>${response.status_code}</arg>
<arg>201</arg>
<doc>Fails if objects are unequal after converting them to integers.</doc>
<status status="PASS" start="2026-02-04T16:41:38.586366" elapsed="0.003124"/>
</kw>
<kw name="Should Be Equal" owner="BuiltIn">
<arg>${response.json()['title']}</arg>
<arg>${title}</arg>
<doc>Fails if the given objects are unequal.</doc>
<status status="PASS" start="2026-02-04T16:41:38.590153" elapsed="0.002763"/>
</kw>
<return>
<value>${response.json()}</value>
<status status="PASS" start="2026-02-04T16:41:38.593192" elapsed="0.000181"/>
</return>
<arg>Title 1</arg>
<arg>This is the body for user 1.</arg>
<arg>1</arg>
<doc>Create a new user and verify the response.</doc>
<status status="PASS" start="2026-02-04T16:41:15.458963" elapsed="23.136066"/>
</kw>
<kw name="Create User And Verify">
<kw name="Create API Session" owner="api_keywords">
<kw name="Create Session" owner="RequestsLibrary">
<msg time="2026-02-04T16:41:38.600744" level="INFO">Creating Session using : alias=jsonapi, url=https://jsonplaceholder.typicode.com, headers=,                     cookies={}, auth=None, timeout=None, proxies=None, verify=True,                     debug=0 </msg>
<arg>jsonapi</arg>
<arg>${BASE_URL}</arg>
<arg>headers=${EMPTY}</arg>
<arg>verify=True</arg>
<doc>Create Session: create a HTTP session to a server</doc>
<status status="PASS" start="2026-02-04T16:41:38.598697" elapsed="0.002742"/>
</kw>
<doc>Create a session to the JSONPlaceholder API.</doc>
<status status="PASS" start="2026-02-04T16:41:38.597787" elapsed="0.003960"/>
</kw>
<kw name="Create New Post" owner="api_keywords">
<kw name="Create Dictionary" owner="BuiltIn">
<msg time="2026-02-04T16:41:38.605815" level="INFO">${payload} = {'userId': '2', 'title': 'Title 2', 'body': 'This is the body for user 2.'}</msg>
<var>${payload}</var>
<arg>userId=${user_id}</arg>
<arg>title=${title}</arg>
<arg>body=${body}</arg>
<doc>Creates and returns a dictionary based on the given ``items``.</doc>
<status status="PASS" start="2026-02-04T16:41:38.603812" elapsed="0.002224"/>
</kw>
<kw name="POST On Session" owner="RequestsLibrary">
<msg time="2026-02-04T16:42:02.526566" level="INFO">POST Request : url=https://jsonplaceholder.typicode.com/posts 
 path_url=/posts 
 headers={'User-Agent': 'python-requests/2.32.5', 'Accept-Encoding': 'gzip, deflate, zstd', 'Accept': '*/*', 'Connection': 'keep-alive', 'Content-Length': '75', 'Content-Type': 'application/json'} 
 body=b'{"userId": "2", "title": "Title 2", "body": "This is the body for user 2."}' 
 </msg>
<msg time="2026-02-04T16:42:02.526996" level="INFO">POST Response : url=https://jsonplaceholder.typicode.com/posts 
 status=201, reason=Created 
 headers={'Date': 'Wed, 04 Feb 2026 11:12:02 GMT', 'Content-Type': 'application/json; charset=utf-8', 'Content-Length': '96', 'Connection': 'keep-alive', 'access-control-allow-credentials': 'true', 'access-control-expose-headers': 'Location', 'Cache-Control': 'no-cache', 'etag': 'W/"60-U73PymsoMw7QxDIzDSwbbOPJs00"', 'expires': '-1', 'location': 'https://jsonplaceholder.typicode.com/posts/101', 'nel': '{"report_to":"heroku-nel","response_headers":["Via"],"max_age":3600,"success_fraction":0.01,"failure_fraction":0.1}', 'pragma': 'no-cache', 'report-to': '{"group":"heroku-nel","endpoints":[{"url":"https://nel.heroku.com/reports?s=42nTIaSVLEhgXVxsA5GGNX1pi93RxR97lzs6LpIfqys%3D\\u0026sid=e11707d5-02a7-43ef-b45e-2cf4d2036f7d\\u0026ts=1770203522"}],"max_age":3600}', 'reporting-endpoints': 'heroku-nel="https://nel.heroku.com/reports?s=42nTIaSVLEhgXVxsA5GGNX1pi93RxR97lzs6LpIfqys%3D&amp;sid=e11707d5-02a7-43ef-b45e-2cf4d2036f7d&amp;ts=1770203522"', 'Server': 'cloudflare', 'vary': 'Origin, X-HTTP-Method-Override, Accept-Encoding', 'via': '2.0 heroku-router', 'x-content-type-options': 'nosniff', 'x-powered-by': 'Express', 'x-ratelimit-limit': '1000', 'x-ratelimit-remaining': '998', 'x-ratelimit-reset': '1770203541', 'cf-cache-status': 'DYNAMIC', 'CF-RAY': '9c89bb0b8d2937b5-SIN', 'alt-svc': 'h3=":443"; ma=86400'} 
 body={
  "userId": "2",
  "title": "Title 2",
  "body": "This is the body for user 2.",
  "id": 101
} 
 </msg>
<msg time="2026-02-04T16:42:02.527715" level="INFO">${Response} = &lt;Response [201]&gt;</msg>
<var>${Response}</var>
<arg>jsonapi</arg>
<arg>/posts</arg>
<arg>json=${payload}</arg>
<doc>Sends a POST request on a previously created HTTP Session.</doc>
<status status="PASS" start="2026-02-04T16:41:38.606931" elapsed="23.920921"/>
</kw>
<return>
<value>${Response}</value>
<status status="PASS" start="2026-02-04T16:42:02.528143" elapsed="0.000180"/>
</return>
<msg time="2026-02-04T16:42:02.528923" level="INFO">${response} = &lt;Response [201]&gt;</msg>
<var>${response}</var>
<arg>${user_id}</arg>
<arg>${title}</arg>
<arg>${body}</arg>
<doc>Create a new post for a user.</doc>
<status status="PASS" start="2026-02-04T16:41:38.602376" elapsed="23.926669"/>
</kw>
<kw name="Should Be Equal As Integers" owner="BuiltIn">
<msg time="2026-02-04T16:42:02.532080" level="INFO">Argument types are:
&lt;class 'int'&gt;
&lt;class 'str'&gt;</msg>
<arg>${response.status_code}</arg>
<arg>201</arg>
<doc>Fails if objects are unequal after converting them to integers.</doc>
<status status="PASS" start="2026-02-04T16:42:02.529583" elapsed="0.002776"/>
</kw>
<kw name="Should Be Equal" owner="BuiltIn">
<arg>${response.json()['title']}</arg>
<arg>${title}</arg>
<doc>Fails if the given objects are unequal.</doc>
<status status="PASS" start="2026-02-04T16:42:02.532840" elapsed="0.004833"/>
</kw>
<return>
<value>${response.json()}</value>
<status status="PASS" start="2026-02-04T16:42:02.537987" elapsed="0.000156"/>
</return>
<arg>Title 2</arg>
<arg>This is the body for user 2.</arg>
<arg>2</arg>
<doc>Create a new user and verify the response.</doc>
<status status="PASS" start="2026-02-04T16:41:38.596434" elapsed="23.943422"/>
</kw>
<kw name="Create User And Verify">
<kw name="Create API Session" owner="api_keywords">
<kw name="Create Session" owner="RequestsLibrary">
<msg time="2026-02-04T16:42:02.546236" level="INFO">Creating Session using : alias=jsonapi, url=https://jsonplaceholder.typicode.com, headers=,                     cookies={}, auth=None, timeout=None, proxies=None, verify=True,                     debug=0 </msg>
<arg>jsonapi</arg>
<arg>${BASE_URL}</arg>
<arg>headers=${EMPTY}</arg>
<arg>verify=True</arg>
<doc>Create Session: create a HTTP session to a server</doc>
<status status="PASS" start="2026-02-04T16:42:02.543935" elapsed="0.002918"/>
</kw>
<doc>Create a session to the JSONPlaceholder API.</doc>
<status status="PASS" start="2026-02-04T16:42:02.542958" elapsed="0.004216"/>
</kw>
<kw name="Create New Post" owner="api_keywords">
<kw name="Create Dictionary" owner="BuiltIn">
<msg time="2026-02-04T16:42:02.552142" level="INFO">${payload} = {'userId': '3', 'title': 'Title 3', 'body': 'This is the body for user 3.'}</msg>
<var>${payload}</var>
<arg>userId=${user_id}</arg>
<arg>title=${title}</arg>
<arg>body=${body}</arg>
<doc>Creates and returns a dictionary based on the given ``items``.</doc>
<status status="PASS" start="2026-02-04T16:42:02.549542" elapsed="0.002750"/>
</kw>
<kw name="POST On Session" owner="RequestsLibrary">
<msg time="2026-02-04T16:42:25.377962" level="INFO">POST Request : url=https://jsonplaceholder.typicode.com/posts 
 path_url=/posts 
 headers={'User-Agent': 'python-requests/2.32.5', 'Accept-Encoding': 'gzip, deflate, zstd', 'Accept': '*/*', 'Connection': 'keep-alive', 'Content-Length': '75', 'Content-Type': 'application/json'} 
 body=b'{"userId": "3", "title": "Title 3", "body": "This is the body for user 3."}' 
 </msg>
<msg time="2026-02-04T16:42:25.378364" level="INFO">POST Response : url=https://jsonplaceholder.typicode.com/posts 
 status=201, reason=Created 
 headers={'Date': 'Wed, 04 Feb 2026 11:12:25 GMT', 'Content-Type': 'application/json; charset=utf-8', 'Content-Length': '96', 'Connection': 'keep-alive', 'access-control-allow-credentials': 'true', 'access-control-expose-headers': 'Location', 'Cache-Control': 'no-cache', 'etag': 'W/"60-+2bGdL+m92dIA4w2GM6719womzU"', 'expires': '-1', 'location': 'https://jsonplaceholder.typicode.com/posts/101', 'nel': '{"report_to":"heroku-nel","response_headers":["Via"],"max_age":3600,"success_fraction":0.01,"failure_fraction":0.1}', 'pragma': 'no-cache', 'report-to': '{"group":"heroku-nel","endpoints":[{"url":"https://nel.heroku.com/reports?s=m2WZGc%2Fmegz5qVQMPt2VJhTfBrqjruKEv4KF92YqBpk%3D\\u0026sid=e11707d5-02a7-43ef-b45e-2cf4d2036f7d\\u0026ts=1770203545"}],"max_age":3600}', 'reporting-endpoints': 'heroku-nel="https://nel.heroku.com/reports?s=m2WZGc%2Fmegz5qVQMPt2VJhTfBrqjruKEv4KF92YqBpk%3D&amp;sid=e11707d5-02a7-43ef-b45e-2cf4d2036f7d&amp;ts=1770203545"', 'Server': 'cloudflare', 'vary': 'Origin, X-HTTP-Method-Override, Accept-Encoding', 'via': '2.0 heroku-router', 'x-content-type-options': 'nosniff', 'x-powered-by': 'Express', 'x-ratelimit-limit': '1000', 'x-ratelimit-remaining': '999', 'x-ratelimit-reset': '1770203601', 'cf-cache-status': 'DYNAMIC', 'CF-RAY': '9c89bb9c7be9fd23-SIN', 'alt-svc': 'h3=":443"; ma=86400'} 
 body={
  "userId": "3",
  "title": "Title 3",
  "body": "This is the body for user 3.",
  "id": 101
} 
 </msg>
<msg time="2026-02-04T16:42:25.378911" level="INFO">${Response} = &lt;Response [201]&gt;</msg>
<var>${Response}</var>
<arg>jsonapi</arg>
<arg>/posts</arg>
<arg>json=${payload}</arg>
<doc>Sends a POST request on a previously created HTTP Session.</doc>
<status status="PASS" start="2026-02-04T16:42:02.552831" elapsed="22.826206"/>
</kw>
<return>
<value>${Response}</value>
<status status="PASS" start="2026-02-04T16:42:25.379378" elapsed="0.000159"/>
</return>
<msg time="2026-02-04T16:42:25.380407" level="INFO">${response} = &lt;Response [201]&gt;</msg>
<var>${response}</var>
<arg>${user_id}</arg>
<arg>${title}</arg>
<arg>${body}</arg>
<doc>Create a new post for a user.</doc>
<status status="PASS" start="2026-02-04T16:42:02.547824" elapsed="22.832736"/>
</kw>
<kw name="Should Be Equal As Integers" owner="BuiltIn">
<msg time="2026-02-04T16:42:25.383813" level="INFO">Argument types are:
&lt;class 'int'&gt;
&lt;class 'str'&gt;</msg>
<arg>${response.status_code}</arg>
<arg>201</arg>
<doc>Fails if objects are unequal after converting them to integers.</doc>
<status status="PASS" start="2026-02-04T16:42:25.381200" elapsed="0.002979"/>
</kw>
<kw name="Should Be Equal" owner="BuiltIn">
<arg>${response.json()['title']}</arg>
<arg>${title}</arg>
<doc>Fails if the given objects are unequal.</doc>
<status status="PASS" start="2026-02-04T16:42:25.384738" elapsed="0.002814"/>
</kw>
<return>
<value>${response.json()}</value>
<status status="PASS" start="2026-02-04T16:42:25.387808" elapsed="0.000136"/>
</return>
<arg>Title 3</arg>
<arg>This is the body for user 3.</arg>
<arg>3</arg>
<doc>Create a new user and verify the response.</doc>
<status status="PASS" start="2026-02-04T16:42:02.541418" elapsed="22.848353"/>
</kw>
<doc>Verify that a new user can be created and the response is correct.</doc>
<status status="PASS" start="2026-02-04T16:41:15.454507" elapsed="69.936379"/>
</test>
<status status="PASS" start="2026-02-04T16:41:14.147499" elapsed="71.247114"/>
</suite>
<suite id="s1-s2" name="User Api Tests" source="D:\Python_Automation_Assignment\robot_api_framework\tests\user_api_tests.robot">
<test id="s1-s2-t1" name="Test Get All Users - Positive" line="5">
<kw name="Create API Session" owner="api_keywords">
<kw name="Create Session" owner="RequestsLibrary">
<msg time="2026-02-04T16:42:25.422315" level="INFO">Creating Session using : alias=jsonapi, url=https://jsonplaceholder.typicode.com, headers=,                     cookies={}, auth=None, timeout=None, proxies=None, verify=True,                     debug=0 </msg>
<arg>jsonapi</arg>
<arg>${BASE_URL}</arg>
<arg>headers=${EMPTY}</arg>
<arg>verify=True</arg>
<doc>Create Session: create a HTTP session to a server</doc>
<status status="PASS" start="2026-02-04T16:42:25.420183" elapsed="0.002771"/>
</kw>
<doc>Create a session to the JSONPlaceholder API.</doc>
<status status="PASS" start="2026-02-04T16:42:25.419013" elapsed="0.004276"/>
</kw>
<kw name="Get All Users" owner="api_keywords">
<kw name="GET On Session" owner="RequestsLibrary">
<msg time="2026-02-04T16:42:47.907986" level="INFO">GET Request : url=https://jsonplaceholder.typicode.com/users 
 path_url=/users 
 headers={'User-Agent': 'python-requests/2.32.5', 'Accept-Encoding': 'gzip, deflate, zstd', 'Accept': '*/*', 'Connection': 'keep-alive'} 
 body=None 
 </msg>
<msg time="2026-02-04T16:42:47.908458" level="INFO">GET Response : url=https://jsonplaceholder.typicode.com/users 
 status=200, reason=OK 
 headers={'Date': 'Wed, 04 Feb 2026 11:12:47 GMT', 'Content-Type': 'application/json; charset=utf-8', 'Content-Length': '1847', 'Connection': 'keep-alive', 'access-control-allow-credentials': 'true', 'Cache-Control': 'max-age=43200', 'Content-Encoding': 'gzip', 'etag': 'W/"160d-1eMSsxeJRfnVLRBmYJSbCiJZ1qQ"', 'expires': '-1', 'nel': '{"report_to":"heroku-nel","response_headers":["Via"],"max_age":3600,"success_fraction":0.01,"failure_fraction":0.1}', 'pragma': 'no-cache', 'report-to': '{"group":"heroku-nel","endpoints":[{"url":"https://nel.heroku.com/reports?s=nZhVoyypA48y5%2FAbO7Xs3zB0bF7iL4sfOiMaa6sQUvA%3D\\u0026sid=e11707d5-02a7-43ef-b45e-2cf4d2036f7d\\u0026ts=1763569631"}],"max_age":3600}', 'reporting-endpoints': 'heroku-nel="https://nel.heroku.com/reports?s=nZhVoyypA48y5%2FAbO7Xs3zB0bF7iL4sfOiMaa6sQUvA%3D&amp;sid=e11707d5-02a7-43ef-b45e-2cf4d2036f7d&amp;ts=1763569631"', 'Server': 'cloudflare', 'vary': 'Origin, Accept-Encoding', 'via': '2.0 heroku-router', 'x-content-type-options': 'nosniff', 'x-powered-by': 'Express', 'x-ratelimit-limit': '1000', 'x-ratelimit-remaining': '999', 'x-ratelimit-reset': '1763569633', 'Age': '18642', 'Accept-Ranges': 'bytes', 'cf-cache-status': 'HIT', 'CF-RAY': '9c89bc2abd2c86a5-SIN', 'alt-svc': 'h3=":443"; ma=86400'} 
 body=[
  {
    "id": 1,
    "name": "Leanne Graham",
    "username": "Bret",
    "email": "Sincere@april.biz",
    "address": {
      "street": "Kulas Light",
      "suite": "Apt. 556",
      "city": "Gwenborough",
      "zipcode": "92998-3874",
      "geo": {
        "lat": "-37.3159",
        "lng": "81.1496"
      }
    },
    "phone": "1-770-736-8031 x56442",
    "website": "hildegard.org",
    "company": {
      "name": "Romaguera-Crona",
      "catchPhrase": "Multi-layered client-server neural-net",
      "bs": "harness real-time e-markets"
    }
  },
  {
    "id": 2,
    "name": "Ervin Howell",
    "username": "Antonette",
    "email": "Shanna@melissa.tv",
    "address": {
      "street": "Victor Plains",
      "suite": "Suite 879",
      "city": "Wisokyburgh",
      "zipcode": "90566-7771",
      "geo": {
        "lat": "-43.9509",
        "lng": "-34.4618"
      }
    },
    "phone": "010-692-6593 x09125",
    "website": "anastasia.net",
    "company": {
      "name": "Deckow-Crist",
      "catchPhrase": "Proactive didactic contingency",
      "bs": "synergize scalable supply-chains"
    }
  },
  {
    "id": 3,
    "name": "Clementine Bauch",
    "username": "Samantha",
    "email": "Nathan@yesenia.net",
    "address": {
      "street": "Douglas Extension",
      "suite": "Suite 847",
      "city": "McKenziehaven",
      "zipcode": "59590-4157",
      "geo": {
        "lat": "-68.6102",
        "lng": "-47.0653"
      }
    },
    "phone": "1-463-123-4447",
    "website": "ramiro.info",
    "company": {
      "name": "Romaguera-Jacobson",
      "catchPhrase": "Face to face bifurcated interface",
      "bs": "e-enable strategic applications"
    }
  },
  {
    "id": 4,
    "name": "Patricia Lebsack",
    "username": "Karianne",
    "email": "Julianne.OConner@kory.org",
    "address": {
      "street": "Hoeger Mall",
      "suite": "Apt. 692",
      "city": "South Elvis",
      "zipcode": "53919-4257",
      "geo": {
        "lat": "29.4572",
        "lng": "-164.2990"
      }
    },
    "phone": "493-170-9623 x156",
    "website": "kale.biz",
    "company": {
      "name": "Robel-Corkery",
      "catchPhrase": "Multi-tiered zero tolerance productivity",
      "bs": "transition cutting-edge web services"
    }
  },
  {
    "id": 5,
    "name": "Chelsey Dietrich",
    "username": "Kamren",
    "email": "Lucio_Hettinger@annie.ca",
    "address": {
      "street": "Skiles Walks",
      "suite": "Suite 351",
      "city": "Roscoeview",
      "zipcode": "33263",
      "geo": {
        "lat": "-31.8129",
        "lng": "62.5342"
      }
    },
    "phone": "(254)954-1289",
    "website": "demarco.info",
    "company": {
      "name": "Keebler LLC",
      "catchPhrase": "User-centric fault-tolerant solution",
      "bs": "revolutionize end-to-end systems"
    }
  },
  {
    "id": 6,
    "name": "Mrs. Dennis Schulist",
    "username": "Leopoldo_Corkery",
    "email": "Karley_Dach@jasper.info",
    "address": {
      "street": "Norberto Crossing",
      "suite": "Apt. 950",
      "city": "South Christy",
      "zipcode": "23505-1337",
      "geo": {
        "lat": "-71.4197",
        "lng": "71.7478"
      }
    },
    "phone": "1-477-935-8478 x6430",
    "website": "ola.org",
    "company": {
      "name": "Considine-Lockman",
      "catchPhrase": "Synchronised bottom-line interface",
      "bs": "e-enable innovative applications"
    }
  },
  {
    "id": 7,
    "name": "Kurtis Weissnat",
    "username": "Elwyn.Skiles",
    "email": "Telly.Hoeger@billy.biz",
    "address": {
      "street": "Rex Trail",
      "suite": "Suite 280",
      "city": "Howemouth",
      "zipcode": "58804-1099",
      "geo": {
        "lat": "24.8918",
        "lng": "21.8984"
      }
    },
    "phone": "210.067.6132",
    "website": "elvis.io",
    "company": {
      "name": "Johns Group",
      "catchPhrase": "Configurable multimedia task-force",
      "bs": "generate enterprise e-tailers"
    }
  },
  {
    "id": 8,
    "name": "Nicholas Runolfsdottir V",
    "username": "Maxime_Nienow",
    "email": "Sherwood@rosamond.me",
    "address": {
      "street": "Ellsworth Summit",
      "suite": "Suite 729",
      "city": "Aliyaview",
      "zipcode": "45169",
      "geo": {
        "lat": "-14.3990",
        "lng": "-120.7677"
      }
    },
    "phone": "586.493.6943 x140",
    "website": "jacynthe.com",
    "company": {
      "name": "Abernathy Group",
      "catchPhrase": "Implemented secondary concept",
      "bs": "e-enable extensible e-tailers"
    }
  },
  {
    "id": 9,
    "name": "Glenna Reichert",
    "username": "Delphine",
    "email": "Chaim_McDermott@dana.io",
    "address": {
      "street": "Dayna Park",
      "suite": "Suite 449",
      "city": "Bartholomebury",
      "zipcode": "76495-3109",
      "geo": {
        "lat": "24.6463",
        "lng": "-168.8889"
      }
    },
    "phone": "(775)976-6794 x41206",
    "website": "conrad.com",
    "company": {
      "name": "Yost and Sons",
      "catchPhrase": "Switchable contextually-based project",
      "bs": "aggregate real-time technologies"
    }
  },
  {
    "id": 10,
    "name": "Clementina DuBuque",
    "username": "Moriah.Stanton",
    "email": "Rey.Padberg@karina.biz",
    "address": {
      "street": "Kattie Turnpike",
      "suite": "Suite 198",
      "city": "Lebsackbury",
      "zipcode": "31428-2261",
      "geo": {
        "lat": "-38.2386",
        "lng": "57.2232"
      }
    },
    "phone": "024-648-3804",
    "website": "ambrose.net",
    "company": {
      "name": "Hoeger LLC",
      "catchPhrase": "Centralized empowering task-force",
      "bs": "target end-to-end models"
    }
  }
] 
 </msg>
<msg time="2026-02-04T16:42:47.909400" level="INFO">${Response} = &lt;Response [200]&gt;</msg>
<var>${Response}</var>
<arg>jsonapi</arg>
<arg>/users</arg>
<doc>Sends a GET request on a previously created HTTP Session.</doc>
<status status="PASS" start="2026-02-04T16:42:25.426539" elapsed="22.482994"/>
</kw>
<kw name="Validate Status Code" owner="api_validators">
<arg>${Response}</arg>
<arg>200</arg>
<doc>Validate status code of response.</doc>
<status status="PASS" start="2026-02-04T16:42:47.910104" elapsed="0.000639"/>
</kw>
<kw name="Validate Key Present" owner="api_validators">
<arg>${Response}</arg>
<arg>0</arg>
<arg>id</arg>
<doc>Validate that a key is present in the response JSON.</doc>
<status status="PASS" start="2026-02-04T16:42:47.911233" elapsed="0.000888"/>
</kw>
<return>
<value>${Response}</value>
<status status="PASS" start="2026-02-04T16:42:47.912366" elapsed="0.000137"/>
</return>
<msg time="2026-02-04T16:42:47.913075" level="INFO">${Response} = &lt;Response [200]&gt;</msg>
<var>${Response}</var>
<doc>Get a list of all users from the API.</doc>
<status status="PASS" start="2026-02-04T16:42:25.425323" elapsed="22.487889"/>
</kw>
<kw name="Should Be Equal As Integers" owner="BuiltIn">
<msg time="2026-02-04T16:42:47.916655" level="INFO">Argument types are:
&lt;class 'int'&gt;
&lt;class 'str'&gt;</msg>
<arg>${Response.status_code}</arg>
<arg>200</arg>
<doc>Fails if objects are unequal after converting them to integers.</doc>
<status status="PASS" start="2026-02-04T16:42:47.914219" elapsed="0.002719"/>
</kw>
<kw name="Length Should Be" owner="BuiltIn">
<msg time="2026-02-04T16:42:47.921126" level="INFO">Length is 10.</msg>
<arg>${Response.json()}</arg>
<arg>10</arg>
<doc>Verifies that the length of the given item is correct.</doc>
<status status="PASS" start="2026-02-04T16:42:47.917871" elapsed="0.003504"/>
</kw>
<doc>Verify that all users can be retrieved from the API.</doc>
<status status="PASS" start="2026-02-04T16:42:25.415910" elapsed="22.506447"/>
</test>
<test id="s1-s2-t2" name="Test Get User By ID - Validate payload" line="12">
<kw name="Create API Session" owner="api_keywords">
<kw name="Create Session" owner="RequestsLibrary">
<msg time="2026-02-04T16:42:47.932145" level="INFO">Creating Session using : alias=jsonapi, url=https://jsonplaceholder.typicode.com, headers=,                     cookies={}, auth=None, timeout=None, proxies=None, verify=True,                     debug=0 </msg>
<arg>jsonapi</arg>
<arg>${BASE_URL}</arg>
<arg>headers=${EMPTY}</arg>
<arg>verify=True</arg>
<doc>Create Session: create a HTTP session to a server</doc>
<status status="PASS" start="2026-02-04T16:42:47.930032" elapsed="0.002720"/>
</kw>
<doc>Create a session to the JSONPlaceholder API.</doc>
<status status="PASS" start="2026-02-04T16:42:47.928859" elapsed="0.004230"/>
</kw>
<kw name="Get User By ID" owner="api_keywords">
<kw name="GET On Session" owner="RequestsLibrary">
<msg time="2026-02-04T16:42:50.041821" level="INFO">GET Request : url=https://jsonplaceholder.typicode.com/posts/1 
 path_url=/posts/1 
 headers={'User-Agent': 'python-requests/2.32.5', 'Accept-Encoding': 'gzip, deflate, zstd', 'Accept': '*/*', 'Connection': 'keep-alive'} 
 body=None 
 </msg>
<msg time="2026-02-04T16:42:50.042243" level="INFO">GET Response : url=https://jsonplaceholder.typicode.com/posts/1 
 status=200, reason=OK 
 headers={'Date': 'Wed, 04 Feb 2026 11:12:49 GMT', 'Content-Type': 'application/json; charset=utf-8', 'Transfer-Encoding': 'chunked', 'Connection': 'keep-alive', 'access-control-allow-credentials': 'true', 'Cache-Control': 'max-age=43200', 'etag': 'W/"124-yiKdLzqO5gfBrJFrcdJ8Yq0LGnU"', 'expires': '-1', 'nel': '{"report_to":"heroku-nel","response_headers":["Via"],"max_age":3600,"success_fraction":0.01,"failure_fraction":0.1}', 'pragma': 'no-cache', 'report-to': '{"group":"heroku-nel","endpoints":[{"url":"https://nel.heroku.com/reports?s=QSmy2KQ047cilO8I6VYc3undbRRzgnmn2%2FWQ6HynRsM%3D\\u0026sid=e11707d5-02a7-43ef-b45e-2cf4d2036f7d\\u0026ts=1769761254"}],"max_age":3600}', 'reporting-endpoints': 'heroku-nel="https://nel.heroku.com/reports?s=QSmy2KQ047cilO8I6VYc3undbRRzgnmn2%2FWQ6HynRsM%3D&amp;sid=e11707d5-02a7-43ef-b45e-2cf4d2036f7d&amp;ts=1769761254"', 'Server': 'cloudflare', 'vary': 'Origin, Accept-Encoding', 'via': '2.0 heroku-router', 'x-content-type-options': 'nosniff', 'x-powered-by': 'Express', 'x-ratelimit-limit': '1000', 'x-ratelimit-remaining': '999', 'x-ratelimit-reset': '1769761275', 'Age': '10305', 'cf-cache-status': 'HIT', 'Content-Encoding': 'zstd', 'CF-RAY': '9c89bc332d6ba60e-MRS', 'alt-svc': 'h3=":443"; ma=86400'} 
 body={
  "userId": 1,
  "id": 1,
  "title": "sunt aut facere repellat provident occaecati excepturi optio reprehenderit",
  "body": "quia et suscipit\nsuscipit recusandae consequuntur expedita et cum\nreprehenderit molestiae ut ut quas totam\nnostrum rerum est autem sunt rem eveniet architecto"
} 
 </msg>
<msg time="2026-02-04T16:42:50.042779" level="INFO">${Response} = &lt;Response [200]&gt;</msg>
<var>${Response}</var>
<arg>jsonapi</arg>
<arg>/posts/1</arg>
<doc>Sends a GET request on a previously created HTTP Session.</doc>
<status status="PASS" start="2026-02-04T16:42:47.935756" elapsed="2.107144"/>
</kw>
<return>
<value>${Response}</value>
<status status="PASS" start="2026-02-04T16:42:50.043179" elapsed="0.000169"/>
</return>
<msg time="2026-02-04T16:42:50.043957" level="INFO">${Response} = &lt;Response [200]&gt;</msg>
<var>${Response}</var>
<doc>Get a user by their ID.</doc>
<status status="PASS" start="2026-02-04T16:42:47.934435" elapsed="2.109638"/>
</kw>
<kw name="Should Be Equal As Integers" owner="BuiltIn">
<msg time="2026-02-04T16:42:50.048518" level="INFO">Argument types are:
&lt;class 'int'&gt;
&lt;class 'str'&gt;</msg>
<arg>${Response.status_code}</arg>
<arg>200</arg>
<doc>Fails if objects are unequal after converting them to integers.</doc>
<status status="PASS" start="2026-02-04T16:42:50.045720" elapsed="0.003082"/>
</kw>
<kw name="Dictionary Should Contain Key" owner="Collections">
<arg>${Response.json()}</arg>
<arg>title</arg>
<doc>Fails if ``key`` is not found from ``dictionary``.</doc>
<status status="PASS" start="2026-02-04T16:42:50.049812" elapsed="0.001976"/>
</kw>
<doc>Verify that a user can be retrieved by their ID and the payload is</doc>
<status status="PASS" start="2026-02-04T16:42:47.925208" elapsed="2.127539"/>
</test>
<test id="s1-s2-t3" name="Test Create New Post - Positive" line="19">
<kw name="Create API Session" owner="api_keywords">
<kw name="Create Session" owner="RequestsLibrary">
<msg time="2026-02-04T16:42:50.060154" level="INFO">Creating Session using : alias=jsonapi, url=https://jsonplaceholder.typicode.com, headers=,                     cookies={}, auth=None, timeout=None, proxies=None, verify=True,                     debug=0 </msg>
<arg>jsonapi</arg>
<arg>${BASE_URL}</arg>
<arg>headers=${EMPTY}</arg>
<arg>verify=True</arg>
<doc>Create Session: create a HTTP session to a server</doc>
<status status="PASS" start="2026-02-04T16:42:50.058112" elapsed="0.002651"/>
</kw>
<doc>Create a session to the JSONPlaceholder API.</doc>
<status status="PASS" start="2026-02-04T16:42:50.057028" elapsed="0.004188"/>
</kw>
<kw name="Create New Post" owner="api_keywords">
<kw name="Create Dictionary" owner="BuiltIn">
<msg time="2026-02-04T16:42:50.068930" level="INFO">${payload} = {'userId': '1', 'title': 'Test Title', 'body': 'This is a test body.'}</msg>
<var>${payload}</var>
<arg>userId=${user_id}</arg>
<arg>title=${title}</arg>
<arg>body=${body}</arg>
<doc>Creates and returns a dictionary based on the given ``items``.</doc>
<status status="PASS" start="2026-02-04T16:42:50.065547" elapsed="0.003641"/>
</kw>
<kw name="POST On Session" owner="RequestsLibrary">
<msg time="2026-02-04T16:43:13.201770" level="INFO">POST Request : url=https://jsonplaceholder.typicode.com/posts 
 path_url=/posts 
 headers={'User-Agent': 'python-requests/2.32.5', 'Accept-Encoding': 'gzip, deflate, zstd', 'Accept': '*/*', 'Connection': 'keep-alive', 'Content-Length': '70', 'Content-Type': 'application/json'} 
 body=b'{"userId": "1", "title": "Test Title", "body": "This is a test body."}' 
 </msg>
<msg time="2026-02-04T16:43:13.202203" level="INFO">POST Response : url=https://jsonplaceholder.typicode.com/posts 
 status=201, reason=Created 
 headers={'Date': 'Wed, 04 Feb 2026 11:13:13 GMT', 'Content-Type': 'application/json; charset=utf-8', 'Content-Length': '91', 'Connection': 'keep-alive', 'access-control-allow-credentials': 'true', 'access-control-expose-headers': 'Location', 'Cache-Control': 'no-cache', 'etag': 'W/"5b-d9CxKd/qagkVRbFILetDnATrja4"', 'expires': '-1', 'location': 'https://jsonplaceholder.typicode.com/posts/101', 'nel': '{"report_to":"heroku-nel","response_headers":["Via"],"max_age":3600,"success_fraction":0.01,"failure_fraction":0.1}', 'pragma': 'no-cache', 'report-to': '{"group":"heroku-nel","endpoints":[{"url":"https://nel.heroku.com/reports?s=erkLEJRpdr2wzaSqyHN%2FMsd%2BsdLeu2Zma%2BGVs6dBJuw%3D\\u0026sid=e11707d5-02a7-43ef-b45e-2cf4d2036f7d\\u0026ts=1770203593"}],"max_age":3600}', 'reporting-endpoints': 'heroku-nel="https://nel.heroku.com/reports?s=erkLEJRpdr2wzaSqyHN%2FMsd%2BsdLeu2Zma%2BGVs6dBJuw%3D&amp;sid=e11707d5-02a7-43ef-b45e-2cf4d2036f7d&amp;ts=1770203593"', 'Server': 'cloudflare', 'vary': 'Origin, X-HTTP-Method-Override, Accept-Encoding', 'via': '2.0 heroku-router', 'x-content-type-options': 'nosniff', 'x-powered-by': 'Express', 'x-ratelimit-limit': '1000', 'x-ratelimit-remaining': '998', 'x-ratelimit-reset': '1770203601', 'cf-cache-status': 'DYNAMIC', 'CF-RAY': '9c89bcc828fe4095-SIN', 'alt-svc': 'h3=":443"; ma=86400'} 
 body={
  "userId": "1",
  "title": "Test Title",
  "body": "This is a test body.",
  "id": 101
} 
 </msg>
<msg time="2026-02-04T16:43:13.202926" level="INFO">${Response} = &lt;Response [201]&gt;</msg>
<var>${Response}</var>
<arg>jsonapi</arg>
<arg>/posts</arg>
<arg>json=${payload}</arg>
<doc>Sends a POST request on a previously created HTTP Session.</doc>
<status status="PASS" start="2026-02-04T16:42:50.070122" elapsed="23.132934"/>
</kw>
<return>
<value>${Response}</value>
<status status="PASS" start="2026-02-04T16:43:13.203379" elapsed="0.000150"/>
</return>
<msg time="2026-02-04T16:43:13.204140" level="INFO">${Response} = &lt;Response [201]&gt;</msg>
<var>${Response}</var>
<arg>1</arg>
<arg>Test Title</arg>
<arg>This is a test body.</arg>
<doc>Create a new post for a user.</doc>
<status status="PASS" start="2026-02-04T16:42:50.063335" elapsed="23.140925"/>
</kw>
<kw name="Should Be Equal As Integers" owner="BuiltIn">
<msg time="2026-02-04T16:43:13.210271" level="INFO">Argument types are:
&lt;class 'int'&gt;
&lt;class 'str'&gt;</msg>
<arg>${Response.status_code}</arg>
<arg>201</arg>
<doc>Fails if objects are unequal after converting them to integers.</doc>
<status status="PASS" start="2026-02-04T16:43:13.205751" elapsed="0.005071"/>
</kw>
<kw name="Should Be Equal" owner="BuiltIn">
<arg>${Response.json()['title']}</arg>
<arg>Test Title</arg>
<doc>Fails if the given objects are unequal.</doc>
<status status="PASS" start="2026-02-04T16:43:13.212214" elapsed="0.005068"/>
</kw>
<doc>Verify that a new post can be created for a user.</doc>
<status status="PASS" start="2026-02-04T16:42:50.055019" elapsed="23.163660"/>
</test>
<test id="s1-s2-t4" name="Negative Test - Invalid Endpoint" line="26">
<kw name="Create API Session" owner="api_keywords">
<kw name="Create Session" owner="RequestsLibrary">
<msg time="2026-02-04T16:43:13.231789" level="INFO">Creating Session using : alias=jsonapi, url=https://jsonplaceholder.typicode.com, headers=,                     cookies={}, auth=None, timeout=None, proxies=None, verify=True,                     debug=0 </msg>
<arg>jsonapi</arg>
<arg>${BASE_URL}</arg>
<arg>headers=${EMPTY}</arg>
<arg>verify=True</arg>
<doc>Create Session: create a HTTP session to a server</doc>
<status status="PASS" start="2026-02-04T16:43:13.227649" elapsed="0.005788"/>
</kw>
<doc>Create a session to the JSONPlaceholder API.</doc>
<status status="PASS" start="2026-02-04T16:43:13.225640" elapsed="0.008528"/>
</kw>
<kw name="GET On Session" owner="RequestsLibrary">
<msg time="2026-02-04T16:43:36.730249" level="INFO">GET Request : url=https://jsonplaceholder.typicode.com/invalid 
 path_url=/invalid 
 headers={'User-Agent': 'python-requests/2.32.5', 'Accept-Encoding': 'gzip, deflate, zstd', 'Accept': '*/*', 'Connection': 'keep-alive'} 
 body=None 
 </msg>
<msg time="2026-02-04T16:43:36.730671" level="INFO">GET Response : url=https://jsonplaceholder.typicode.com/invalid 
 status=404, reason=Not Found 
 headers={'Date': 'Wed, 04 Feb 2026 11:13:36 GMT', 'Content-Type': 'application/json; charset=utf-8', 'Transfer-Encoding': 'chunked', 'Connection': 'keep-alive', 'access-control-allow-credentials': 'true', 'Cache-Control': 'max-age=43200', 'etag': 'W/"2-vyGp6PvFo4RvsFtPoIWeCReyIC8"', 'expires': '-1', 'nel': '{"report_to":"heroku-nel","response_headers":["Via"],"max_age":3600,"success_fraction":0.01,"failure_fraction":0.1}', 'pragma': 'no-cache', 'report-to': '{"group":"heroku-nel","endpoints":[{"url":"https://nel.heroku.com/reports?s=Pk84R%2BNd5XFJ7rfooA0T0UiZ4I90FQ4aSOkTCrzkGSw%3D\\u0026sid=e11707d5-02a7-43ef-b45e-2cf4d2036f7d\\u0026ts=1770203616"}],"max_age":3600}', 'reporting-endpoints': 'heroku-nel="https://nel.heroku.com/reports?s=Pk84R%2BNd5XFJ7rfooA0T0UiZ4I90FQ4aSOkTCrzkGSw%3D&amp;sid=e11707d5-02a7-43ef-b45e-2cf4d2036f7d&amp;ts=1770203616"', 'Server': 'cloudflare', 'vary': 'Origin, Accept-Encoding', 'via': '2.0 heroku-router', 'x-content-type-options': 'nosniff', 'x-powered-by': 'Express', 'x-ratelimit-limit': '1000', 'x-ratelimit-remaining': '999', 'x-ratelimit-reset': '1770203661', 'cf-cache-status': 'EXPIRED', 'Content-Encoding': 'zstd', 'CF-RAY': '9c89bd582dfdf44c-SIN', 'alt-svc': 'h3=":443"; ma=86400'} 
 body={} 
 </msg>
<msg time="2026-02-04T16:43:36.731263" level="INFO">${Response} = &lt;Response [404]&gt;</msg>
<var>${Response}</var>
<arg>jsonapi</arg>
<arg>/invalid</arg>
<arg>expected_status=404</arg>
<doc>Sends a GET request on a previously created HTTP Session.</doc>
<status status="PASS" start="2026-02-04T16:43:13.238115" elapsed="23.493276"/>
</kw>
<kw name="Should Be Equal As Integers" owner="BuiltIn">
<msg time="2026-02-04T16:43:36.736085" level="INFO">Argument types are:
&lt;class 'int'&gt;
&lt;class 'str'&gt;</msg>
<arg>${Response.status_code}</arg>
<arg>404</arg>
<doc>Fails if objects are unequal after converting them to integers.</doc>
<status status="PASS" start="2026-02-04T16:43:36.732656" elapsed="0.003732"/>
</kw>
<doc>Verify that accessing an invalid endpoint returns a 404 status code.</doc>
<status status="PASS" start="2026-02-04T16:43:13.221181" elapsed="23.516165"/>
</test>
<status status="PASS" start="2026-02-04T16:42:25.398256" elapsed="71.341745"/>
</suite>
<status status="PASS" start="2026-02-04T16:41:13.749483" elapsed="142.995730"/>
</suite>
<statistics>
<total>
<stat pass="5" fail="0" skip="0">All Tests</stat>
</total>
<tag>
</tag>
<suite>
<stat name="Tests" id="s1" pass="5" fail="0" skip="0">Tests</stat>
<stat name="Data Driven Tests" id="s1-s1" pass="1" fail="0" skip="0">Tests.Data Driven Tests</stat>
<stat name="User Api Tests" id="s1-s2" pass="4" fail="0" skip="0">Tests.User Api Tests</stat>
</suite>
</statistics>
<errors>
</errors>
</robot>
